# JRE version: Java(TM) SE Runtime Environment (8.0_60-b27) (build 1.8.0_60-b27)
# Java VM: Java HotSpot(TM) 64-Bit Server VM (25.60-b23 mixed mode windows-amd64 compressed oops)
Heap:
 PSYoungGen      total 28672K, used 23683K [0x00000000e0700000, 0x00000000e2700000, 0x0000000100000000)
  eden space 24576K, 96% used [0x00000000e0700000,0x00000000e1e20c10,0x00000000e1f00000)
  from space 4096K, 0% used [0x00000000e2300000,0x00000000e2300000,0x00000000e2700000)
  to   space 4096K, 0% used [0x00000000e1f00000,0x00000000e1f00000,0x00000000e2300000)
 ParOldGen       total 46080K, used 5633K [0x00000000a1400000, 0x00000000a4100000, 0x00000000e0700000)
  object space 46080K, 12% used [0x00000000a1400000,0x00000000a1980610,0x00000000a4100000)
 Metaspace       used 25446K, capacity 25752K, committed 26240K, reserved 1073152K
  class space    used 3269K, capacity 3373K, committed 3456K, reserved 1048576K
GC Heap History (10 events):
Event: 1.275 GC heap before
{Heap before GC invocations=1 (full 0):
 PSYoungGen      total 28672K, used 24572K [0x00000000e0700000, 0x00000000e2700000, 0x0000000100000000)
  eden space 24576K, 99% used [0x00000000e0700000,0x00000000e1eff358,0x00000000e1f00000)
  from space 4096K, 0% used [0x00000000e2300000,0x00000000e2300000,0x00000000e2700000)
  to   space 4096K, 0% used [0x00000000e1f00000,0x00000000e1f00000,0x00000000e2300000)
 ParOldGen       total 65536K, used 0K [0x00000000a1400000, 0x00000000a5400000, 0x00000000e0700000)
  object space 65536K, 0% used [0x00000000a1400000,0x00000000a1400000,0x00000000a5400000)
 Metaspace       used 2789K, capacity 4490K, committed 4864K, reserved 1056768K
  class space    used 301K, capacity 386K, committed 512K, reserved 1048576K
Event: 1.277 GC heap after
Heap after GC invocations=1 (full 0):
 PSYoungGen      total 28672K, used 689K [0x00000000e0700000, 0x00000000e2700000, 0x0000000100000000)
  eden space 24576K, 0% used [0x00000000e0700000,0x00000000e0700000,0x00000000e1f00000)
  from space 4096K, 16% used [0x00000000e1f00000,0x00000000e1fac648,0x00000000e2300000)
  to   space 4096K, 0% used [0x00000000e2300000,0x00000000e2300000,0x00000000e2700000)
 ParOldGen       total 65536K, used 8K [0x00000000a1400000, 0x00000000a5400000, 0x00000000e0700000)
  object space 65536K, 0% used [0x00000000a1400000,0x00000000a1402000,0x00000000a5400000)
 Metaspace       used 2789K, capacity 4490K, committed 4864K, reserved 1056768K
  class space    used 301K, capacity 386K, committed 512K, reserved 1048576K
}
Event: 3.250 GC heap before
{Heap before GC invocations=2 (full 0):
 PSYoungGen      total 28672K, used 25265K [0x00000000e0700000, 0x00000000e2700000, 0x0000000100000000)
  eden space 24576K, 100% used [0x00000000e0700000,0x00000000e1f00000,0x00000000e1f00000)
  from space 4096K, 16% used [0x00000000e1f00000,0x00000000e1fac648,0x00000000e2300000)
  to   space 4096K, 0% used [0x00000000e2300000,0x00000000e2300000,0x00000000e2700000)
 ParOldGen       total 65536K, used 8K [0x00000000a1400000, 0x00000000a5400000, 0x00000000e0700000)
  object space 65536K, 0% used [0x00000000a1400000,0x00000000a1402000,0x00000000a5400000)
 Metaspace       used 13638K, capacity 13884K, committed 14208K, reserved 1060864K
  class space    used 1767K, capacity 1850K, committed 1920K, reserved 1048576K
Event: 3.265 GC heap after
Heap after GC invocations=2 (full 0):
 PSYoungGen      total 28672K, used 4078K [0x00000000e0700000, 0x00000000e2700000, 0x0000000100000000)
  eden space 24576K, 0% used [0x00000000e0700000,0x00000000e0700000,0x00000000e1f00000)
  from space 4096K, 99% used [0x00000000e2300000,0x00000000e26fbbb0,0x00000000e2700000)
  to   space 4096K, 0% used [0x00000000e1f00000,0x00000000e1f00000,0x00000000e2300000)
 ParOldGen       total 65536K, used 1206K [0x00000000a1400000, 0x00000000a5400000, 0x00000000e0700000)
  object space 65536K, 1% used [0x00000000a1400000,0x00000000a152db78,0x00000000a5400000)
 Metaspace       used 13638K, capacity 13884K, committed 14208K, reserved 1060864K
  class space    used 1767K, capacity 1850K, committed 1920K, reserved 1048576K
}
Event: 5.036 GC heap before
{Heap before GC invocations=3 (full 0):
 PSYoungGen      total 28672K, used 28654K [0x00000000e0700000, 0x00000000e2700000, 0x0000000100000000)
  eden space 24576K, 100% used [0x00000000e0700000,0x00000000e1f00000,0x00000000e1f00000)
  from space 4096K, 99% used [0x00000000e2300000,0x00000000e26fbbb0,0x00000000e2700000)
  to   space 4096K, 0% used [0x00000000e1f00000,0x00000000e1f00000,0x00000000e2300000)
 ParOldGen       total 65536K, used 1206K [0x00000000a1400000, 0x00000000a5400000, 0x00000000e0700000)
  object space 65536K, 1% used [0x00000000a1400000,0x00000000a152db78,0x00000000a5400000)
 Metaspace       used 20041K, capacity 20354K, committed 20608K, reserved 1067008K
  class space    used 2540K, capacity 2619K, committed 2688K, reserved 1048576K
Event: 5.051 GC heap after
Heap after GC invocations=3 (full 0):
 PSYoungGen      total 28672K, used 4082K [0x00000000e0700000, 0x00000000e2700000, 0x0000000100000000)
  eden space 24576K, 0% used [0x00000000e0700000,0x00000000e0700000,0x00000000e1f00000)
  from space 4096K, 99% used [0x00000000e1f00000,0x00000000e22fc950,0x00000000e2300000)
  to   space 4096K, 0% used [0x00000000e2300000,0x00000000e2300000,0x00000000e2700000)
 ParOldGen       total 65536K, used 5199K [0x00000000a1400000, 0x00000000a5400000, 0x00000000e0700000)
  object space 65536K, 7% used [0x00000000a1400000,0x00000000a1913f40,0x00000000a5400000)
 Metaspace       used 20041K, capacity 20354K, committed 20608K, reserved 1067008K
  class space    used 2540K, capacity 2619K, committed 2688K, reserved 1048576K
}
Event: 5.349 GC heap before
{Heap before GC invocations=4 (full 0):
 PSYoungGen      total 28672K, used 10090K [0x00000000e0700000, 0x00000000e2700000, 0x0000000100000000)
  eden space 24576K, 24% used [0x00000000e0700000,0x00000000e0cde1b0,0x00000000e1f00000)
  from space 4096K, 99% used [0x00000000e1f00000,0x00000000e22fc950,0x00000000e2300000)
  to   space 4096K, 0% used [0x00000000e2300000,0x00000000e2300000,0x00000000e2700000)
 ParOldGen       total 65536K, used 5199K [0x00000000a1400000, 0x00000000a5400000, 0x00000000e0700000)
  object space 65536K, 7% used [0x00000000a1400000,0x00000000a1913f40,0x00000000a5400000)
 Metaspace       used 20799K, capacity 21028K, committed 21248K, reserved 1067008K
  class space    used 2636K, capacity 2717K, committed 2816K, reserved 1048576K
Event: 5.356 GC heap after
Heap after GC invocations=4 (full 0):
 PSYoungGen      total 28672K, used 4082K [0x00000000e0700000, 0x00000000e2700000, 0x0000000100000000)
  eden space 24576K, 0% used [0x00000000e0700000,0x00000000e0700000,0x00000000e1f00000)
  from space 4096K, 99% used [0x00000000e2300000,0x00000000e26fc970,0x00000000e2700000)
  to   space 4096K, 0% used [0x00000000e1f00000,0x00000000e1f00000,0x00000000e2300000)
 ParOldGen       total 65536K, used 6080K [0x00000000a1400000, 0x00000000a5400000, 0x00000000e0700000)
  object space 65536K, 9% used [0x00000000a1400000,0x00000000a19f00f0,0x00000000a5400000)
 Metaspace       used 20799K, capacity 21028K, committed 21248K, reserved 1067008K
  class space    used 2636K, capacity 2717K, committed 2816K, reserved 1048576K
}
Event: 5.356 GC heap before
{Heap before GC invocations=5 (full 1):
 PSYoungGen      total 28672K, used 4082K [0x00000000e0700000, 0x00000000e2700000, 0x0000000100000000)
  eden space 24576K, 0% used [0x00000000e0700000,0x00000000e0700000,0x00000000e1f00000)
  from space 4096K, 99% used [0x00000000e2300000,0x00000000e26fc970,0x00000000e2700000)
  to   space 4096K, 0% used [0x00000000e1f00000,0x00000000e1f00000,0x00000000e2300000)
 ParOldGen       total 65536K, used 6080K [0x00000000a1400000, 0x00000000a5400000, 0x00000000e0700000)
  object space 65536K, 9% used [0x00000000a1400000,0x00000000a19f00f0,0x00000000a5400000)
 Metaspace       used 20799K, capacity 21028K, committed 21248K, reserved 1067008K
  class space    used 2636K, capacity 2717K, committed 2816K, reserved 1048576K
Event: 5.398 GC heap after
Heap after GC invocations=5 (full 1):
 PSYoungGen      total 28672K, used 0K [0x00000000e0700000, 0x00000000e2700000, 0x0000000100000000)
  eden space 24576K, 0% used [0x00000000e0700000,0x00000000e0700000,0x00000000e1f00000)
  from space 4096K, 0% used [0x00000000e2300000,0x00000000e2300000,0x00000000e2700000)
  to   space 4096K, 0% used [0x00000000e1f00000,0x00000000e1f00000,0x00000000e2300000)
 ParOldGen       total 46080K, used 5633K [0x00000000a1400000, 0x00000000a4100000, 0x00000000e0700000)
  object space 46080K, 12% used [0x00000000a1400000,0x00000000a1980610,0x00000000a4100000)
 Metaspace       used 20799K, capacity 21028K, committed 21248K, reserved 1067008K
  class space    used 2636K, capacity 2717K, committed 2816K, reserved 1048576K
}

